[debug] [2022-10-05T11:45:56.708Z] ----------------------------------------------------------------------
[debug] [2022-10-05T11:45:56.710Z] Command:       C:\Program Files\nodejs\node.exe C:\Users\Noam\AppData\Roaming\npm\node_modules\firebase-tools\lib\bin\firebase.js deploy --only functions
[debug] [2022-10-05T11:45:56.711Z] CLI Version:   11.13.0
[debug] [2022-10-05T11:45:56.711Z] Platform:      win32
[debug] [2022-10-05T11:45:56.711Z] Node Version:  v16.17.0
[debug] [2022-10-05T11:45:56.713Z] Time:          Wed Oct 05 2022 14:45:56 GMT+0300 (Israel Daylight Time)
[debug] [2022-10-05T11:45:56.713Z] ----------------------------------------------------------------------
[debug] 
[debug] [2022-10-05T11:45:56.788Z] > command requires scopes: ["email","openid","https://www.googleapis.com/auth/cloudplatformprojects.readonly","https://www.googleapis.com/auth/firebase","https://www.googleapis.com/auth/cloud-platform"]
[debug] [2022-10-05T11:45:56.788Z] > authorizing via signed-in user (lior7koren@gmail.com)
[debug] [2022-10-05T11:45:56.789Z] [iam] checking project langucardsapp for permissions ["cloudfunctions.functions.create","cloudfunctions.functions.delete","cloudfunctions.functions.get","cloudfunctions.functions.list","cloudfunctions.functions.update","cloudfunctions.operations.get","firebase.projects.get"]
[debug] [2022-10-05T11:45:56.791Z] >>> [apiv2][query] POST https://cloudresourcemanager.googleapis.com/v1/projects/langucardsapp:testIamPermissions [none]
[debug] [2022-10-05T11:45:56.792Z] >>> [apiv2][(partial)header] POST https://cloudresourcemanager.googleapis.com/v1/projects/langucardsapp:testIamPermissions x-goog-quota-user=projects/langucardsapp
[debug] [2022-10-05T11:45:56.792Z] >>> [apiv2][body] POST https://cloudresourcemanager.googleapis.com/v1/projects/langucardsapp:testIamPermissions {"permissions":["cloudfunctions.functions.create","cloudfunctions.functions.delete","cloudfunctions.functions.get","cloudfunctions.functions.list","cloudfunctions.functions.update","cloudfunctions.operations.get","firebase.projects.get"]}
[debug] [2022-10-05T11:45:57.730Z] <<< [apiv2][status] POST https://cloudresourcemanager.googleapis.com/v1/projects/langucardsapp:testIamPermissions 200
[debug] [2022-10-05T11:45:57.730Z] <<< [apiv2][body] POST https://cloudresourcemanager.googleapis.com/v1/projects/langucardsapp:testIamPermissions {"permissions":["cloudfunctions.functions.create","cloudfunctions.functions.delete","cloudfunctions.functions.get","cloudfunctions.functions.list","cloudfunctions.functions.update","cloudfunctions.operations.get","firebase.projects.get"]}
[debug] [2022-10-05T11:45:57.731Z] >>> [apiv2][query] POST https://iam.googleapis.com/v1/projects/langucardsapp/serviceAccounts/langucardsapp@appspot.gserviceaccount.com:testIamPermissions [none]
[debug] [2022-10-05T11:45:57.731Z] >>> [apiv2][body] POST https://iam.googleapis.com/v1/projects/langucardsapp/serviceAccounts/langucardsapp@appspot.gserviceaccount.com:testIamPermissions {"permissions":["iam.serviceAccounts.actAs"]}
[debug] [2022-10-05T11:45:58.573Z] <<< [apiv2][status] POST https://iam.googleapis.com/v1/projects/langucardsapp/serviceAccounts/langucardsapp@appspot.gserviceaccount.com:testIamPermissions 200
[debug] [2022-10-05T11:45:58.574Z] <<< [apiv2][body] POST https://iam.googleapis.com/v1/projects/langucardsapp/serviceAccounts/langucardsapp@appspot.gserviceaccount.com:testIamPermissions {"permissions":["iam.serviceAccounts.actAs"]}
[info] 
[info] === Deploying to 'langucardsapp'...
[info] 
[info] i  deploying functions 
[debug] [2022-10-05T11:45:58.580Z] >>> [apiv2][query] GET https://firebase.googleapis.com/v1beta1/projects/langucardsapp [none]
[debug] [2022-10-05T11:45:59.007Z] <<< [apiv2][status] GET https://firebase.googleapis.com/v1beta1/projects/langucardsapp 200
[debug] [2022-10-05T11:45:59.008Z] <<< [apiv2][body] GET https://firebase.googleapis.com/v1beta1/projects/langucardsapp {"projectId":"langucardsapp","projectNumber":"776300738099","displayName":"LanguCards","name":"projects/langucardsapp","resources":{"hostingSite":"langucardsapp"},"state":"ACTIVE","etag":"1_734bea22-1dbb-4e32-98ba-feb1c4b89760"}
[info] i  functions: ensuring required API cloudfunctions.googleapis.com is enabled... 
[info] i  functions: ensuring required API cloudbuild.googleapis.com is enabled... 
[info] i  artifactregistry: ensuring required API artifactregistry.googleapis.com is enabled... 
[debug] [2022-10-05T11:45:59.011Z] >>> [apiv2][query] GET https://serviceusage.googleapis.com/v1/projects/langucardsapp/services/cloudfunctions.googleapis.com [none]
[debug] [2022-10-05T11:45:59.011Z] >>> [apiv2][(partial)header] GET https://serviceusage.googleapis.com/v1/projects/langucardsapp/services/cloudfunctions.googleapis.com x-goog-quota-user=projects/langucardsapp
[debug] [2022-10-05T11:45:59.013Z] >>> [apiv2][query] GET https://serviceusage.googleapis.com/v1/projects/langucardsapp/services/runtimeconfig.googleapis.com [none]
[debug] [2022-10-05T11:45:59.013Z] >>> [apiv2][(partial)header] GET https://serviceusage.googleapis.com/v1/projects/langucardsapp/services/runtimeconfig.googleapis.com x-goog-quota-user=projects/langucardsapp
[debug] [2022-10-05T11:45:59.015Z] >>> [apiv2][query] GET https://serviceusage.googleapis.com/v1/projects/langucardsapp/services/cloudbuild.googleapis.com [none]
[debug] [2022-10-05T11:45:59.015Z] >>> [apiv2][(partial)header] GET https://serviceusage.googleapis.com/v1/projects/langucardsapp/services/cloudbuild.googleapis.com x-goog-quota-user=projects/langucardsapp
[debug] [2022-10-05T11:45:59.016Z] >>> [apiv2][query] GET https://serviceusage.googleapis.com/v1/projects/langucardsapp/services/artifactregistry.googleapis.com [none]
[debug] [2022-10-05T11:45:59.017Z] >>> [apiv2][(partial)header] GET https://serviceusage.googleapis.com/v1/projects/langucardsapp/services/artifactregistry.googleapis.com x-goog-quota-user=projects/langucardsapp
[debug] [2022-10-05T11:46:00.059Z] <<< [apiv2][status] GET https://serviceusage.googleapis.com/v1/projects/langucardsapp/services/artifactregistry.googleapis.com 200
[debug] [2022-10-05T11:46:00.059Z] <<< [apiv2][body] GET https://serviceusage.googleapis.com/v1/projects/langucardsapp/services/artifactregistry.googleapis.com [omitted]
[info] +  artifactregistry: required API artifactregistry.googleapis.com is enabled 
[debug] [2022-10-05T11:46:00.068Z] <<< [apiv2][status] GET https://serviceusage.googleapis.com/v1/projects/langucardsapp/services/cloudfunctions.googleapis.com 200
[debug] [2022-10-05T11:46:00.068Z] <<< [apiv2][body] GET https://serviceusage.googleapis.com/v1/projects/langucardsapp/services/cloudfunctions.googleapis.com [omitted]
[info] +  functions: required API cloudfunctions.googleapis.com is enabled 
[debug] [2022-10-05T11:46:00.119Z] <<< [apiv2][status] GET https://serviceusage.googleapis.com/v1/projects/langucardsapp/services/runtimeconfig.googleapis.com 200
[debug] [2022-10-05T11:46:00.119Z] <<< [apiv2][body] GET https://serviceusage.googleapis.com/v1/projects/langucardsapp/services/runtimeconfig.googleapis.com [omitted]
[debug] [2022-10-05T11:46:00.121Z] <<< [apiv2][status] GET https://serviceusage.googleapis.com/v1/projects/langucardsapp/services/cloudbuild.googleapis.com 200
[debug] [2022-10-05T11:46:00.121Z] <<< [apiv2][body] GET https://serviceusage.googleapis.com/v1/projects/langucardsapp/services/cloudbuild.googleapis.com [omitted]
[info] +  functions: required API cloudbuild.googleapis.com is enabled 
[debug] [2022-10-05T11:46:00.122Z] >>> [apiv2][query] GET https://firebase.googleapis.com/v1beta1/projects/langucardsapp/adminSdkConfig [none]
[debug] [2022-10-05T11:46:00.468Z] <<< [apiv2][status] GET https://firebase.googleapis.com/v1beta1/projects/langucardsapp/adminSdkConfig 200
[debug] [2022-10-05T11:46:00.468Z] <<< [apiv2][body] GET https://firebase.googleapis.com/v1beta1/projects/langucardsapp/adminSdkConfig {"projectId":"langucardsapp","storageBucket":"langucardsapp.appspot.com"}
[debug] [2022-10-05T11:46:00.469Z] >>> [apiv2][query] GET https://runtimeconfig.googleapis.com/v1beta1/projects/langucardsapp/configs [none]
[debug] [2022-10-05T11:46:01.147Z] <<< [apiv2][status] GET https://runtimeconfig.googleapis.com/v1beta1/projects/langucardsapp/configs 200
[debug] [2022-10-05T11:46:01.148Z] <<< [apiv2][body] GET https://runtimeconfig.googleapis.com/v1beta1/projects/langucardsapp/configs {}
[info] i  functions: preparing codebase default for deployment 
[debug] [2022-10-05T11:46:01.150Z] Validating nodejs source
[debug] [2022-10-05T11:46:04.377Z] > [functions] package.json contents: {
  "name": "functions",
  "description": "Cloud Functions for Firebase",
  "scripts": {
    "serve": "firebase emulators:start --only functions",
    "shell": "firebase functions:shell",
    "start": "npm run shell",
    "deploy": "firebase deploy --only functions",
    "logs": "firebase functions:log"
  },
  "engines": {
    "node": "16"
  },
  "main": "index.js",
  "dependencies": {
    "bcrypt": "^5.0.1",
    "body-parser": "^1.20.0",
    "cors": "^2.8.5",
    "dotenv": "^16.0.3",
    "express": "^4.18.1",
    "firebase-admin": "^10.0.2",
    "firebase-functions": "^3.18.0",
    "jsonwebtoken": "^8.5.1",
    "mongoose": "^6.6.4"
  },
  "devDependencies": {
    "firebase-functions-test": "^0.2.0"
  },
  "private": true
}
[debug] [2022-10-05T11:46:04.377Z] Building nodejs source
[info] i  functions: Loaded environment variables from .env. 
[debug] [2022-10-05T11:46:04.381Z] Could not find functions.yaml. Must use http discovery
[debug] [2022-10-05T11:46:04.740Z] Serving at port 9005

[debug] [2022-10-05T11:46:05.829Z] Database loaded!

[debug] [2022-10-05T11:46:05.836Z] Got response from /__/functions.yaml {"endpoints":{"expressApi":{"platform":"gcfv1","httpsTrigger":{},"entryPoint":"expressApi"}},"specVersion":"v1alpha1","requiredAPIs":[]}
[debug] [2022-10-05T11:46:05.855Z] shutdown requested via /__/quitquitquit

[info] i  functions: preparing functions directory for uploading... 
[info] i  functions: packaged C:\Repos\LanguCards\back-end\functions (68 KB) for uploading 
[debug] [2022-10-05T11:46:15.936Z] >>> [apiv2][query] GET https://cloudfunctions.googleapis.com/v1/projects/langucardsapp/locations/-/functions [none]
[debug] [2022-10-05T11:46:16.783Z] <<< [apiv2][status] GET https://cloudfunctions.googleapis.com/v1/projects/langucardsapp/locations/-/functions 200
[debug] [2022-10-05T11:46:16.783Z] <<< [apiv2][body] GET https://cloudfunctions.googleapis.com/v1/projects/langucardsapp/locations/-/functions {"functions":[{"name":"projects/langucardsapp/locations/us-central1/functions/expressApi","httpsTrigger":{"url":"https://us-central1-langucardsapp.cloudfunctions.net/expressApi","securityLevel":"SECURE_ALWAYS"},"status":"OFFLINE","entryPoint":"expressApi","timeout":"60s","availableMemoryMb":256,"serviceAccountEmail":"langucardsapp@appspot.gserviceaccount.com","updateTime":"2022-10-05T11:21:30.731Z","versionId":"1","labels":{"deployment-tool":"cli-firebase","firebase-functions-hash":"e743efb03d7a2be664f8a3b9ad8746d8676de758"},"sourceUploadUrl":"https://storage.googleapis.com/uploads-469114469007.us-central1.cloudfunctions.appspot.com/1ca9e5dd-b560-48ec-8c2a-18d98cb7a32f.zip","environmentVariables":{"FIREBASE_CONFIG":"{\"projectId\":\"langucardsapp\",\"storageBucket\":\"langucardsapp.appspot.com\"}","GCLOUD_PROJECT":"langucardsapp"},"runtime":"nodejs16","ingressSettings":"ALLOW_ALL","buildId":"03e65021-b9fe-443d-9b3f-08fdc160cc7e","buildName":"projects/776300738099/locations/us-central1/builds/03e65021-b9fe-443d-9b3f-08fdc160cc7e","dockerRegistry":"ARTIFACT_REGISTRY"}]}
[debug] [2022-10-05T11:46:16.784Z] >>> [apiv2][query] GET https://cloudfunctions.googleapis.com/v2/projects/langucardsapp/locations/-/functions filter=environment%3D%22GEN_2%22
[debug] [2022-10-05T11:46:17.568Z] <<< [apiv2][status] GET https://cloudfunctions.googleapis.com/v2/projects/langucardsapp/locations/-/functions 200
[debug] [2022-10-05T11:46:17.568Z] <<< [apiv2][body] GET https://cloudfunctions.googleapis.com/v2/projects/langucardsapp/locations/-/functions {}
[debug] [2022-10-05T11:46:17.574Z] >>> [apiv2][query] GET https://firebase.googleapis.com/v1beta1/projects/langucardsapp [none]
[debug] [2022-10-05T11:46:17.928Z] <<< [apiv2][status] GET https://firebase.googleapis.com/v1beta1/projects/langucardsapp 200
[debug] [2022-10-05T11:46:17.928Z] <<< [apiv2][body] GET https://firebase.googleapis.com/v1beta1/projects/langucardsapp {"projectId":"langucardsapp","projectNumber":"776300738099","displayName":"LanguCards","name":"projects/langucardsapp","resources":{"hostingSite":"langucardsapp"},"state":"ACTIVE","etag":"1_734bea22-1dbb-4e32-98ba-feb1c4b89760"}
[debug] [2022-10-05T11:46:17.930Z] >>> [apiv2][query] POST https://cloudfunctions.googleapis.com/v1/projects/langucardsapp/locations/us-central1/functions:generateUploadUrl [none]
[debug] [2022-10-05T11:46:17.930Z] >>> [apiv2][body] POST https://cloudfunctions.googleapis.com/v1/projects/langucardsapp/locations/us-central1/functions:generateUploadUrl {}
[debug] [2022-10-05T11:46:18.599Z] <<< [apiv2][status] POST https://cloudfunctions.googleapis.com/v1/projects/langucardsapp/locations/us-central1/functions:generateUploadUrl 200
[debug] [2022-10-05T11:46:18.599Z] <<< [apiv2][body] POST https://cloudfunctions.googleapis.com/v1/projects/langucardsapp/locations/us-central1/functions:generateUploadUrl {"uploadUrl":"https://storage.googleapis.com/uploads-469114469007.us-central1.cloudfunctions.appspot.com/65626e85-9557-4f6a-b6c7-c70f9185acf0.zip?GoogleAccessId=service-776300738099@gcf-admin-robot.iam.gserviceaccount.com&Expires=1664972178&Signature=eUVY18Q7a6Pj815CueJn6F2NPOzj38mrOWdwHcJENhY1086NBVhyVvxhVK%2BuRsHORN59LSDazHiJnseQaRwR1NfWZu6YBrMCwHipNVStgI7k9yGcEVRfzYyNsZeHNwASFI%2FbO0KuHCcSRceAWsi1YtQtdxWhlt1pqrS2t2vsfgpxALYJv%2B2Mv0FoTRp3AutQRWuRqmvVmOJyS7zQ1mMQ%2BO%2ByAXt0ka6PBD8mpnAPyR7O%2F0V6muUGPILDaQ1JaDzk2ICXypvtJRayaUgq%2FH%2FuZXEJUll5aA%2FMKLQjx8P9a6NvDjvVLhN1C6UKHxVeNw4dGxoDyLyjqBQdb5bdCQio0w%3D%3D"}
[debug] [2022-10-05T11:46:18.600Z] >>> [apiv2][query] PUT https://storage.googleapis.com/uploads-469114469007.us-central1.cloudfunctions.appspot.com/65626e85-9557-4f6a-b6c7-c70f9185acf0.zip GoogleAccessId=service-776300738099%40gcf-admin-robot.iam.gserviceaccount.com&Expires=1664972178&Signature=eUVY18Q7a6Pj815CueJn6F2NPOzj38mrOWdwHcJENhY1086NBVhyVvxhVK%2BuRsHORN59LSDazHiJnseQaRwR1NfWZu6YBrMCwHipNVStgI7k9yGcEVRfzYyNsZeHNwASFI%2FbO0KuHCcSRceAWsi1YtQtdxWhlt1pqrS2t2vsfgpxALYJv%2B2Mv0FoTRp3AutQRWuRqmvVmOJyS7zQ1mMQ%2BO%2ByAXt0ka6PBD8mpnAPyR7O%2F0V6muUGPILDaQ1JaDzk2ICXypvtJRayaUgq%2FH%2FuZXEJUll5aA%2FMKLQjx8P9a6NvDjvVLhN1C6UKHxVeNw4dGxoDyLyjqBQdb5bdCQio0w%3D%3D
[debug] [2022-10-05T11:46:18.600Z] >>> [apiv2][body] PUT https://storage.googleapis.com/uploads-469114469007.us-central1.cloudfunctions.appspot.com/65626e85-9557-4f6a-b6c7-c70f9185acf0.zip [stream]
[debug] [2022-10-05T11:46:19.334Z] <<< [apiv2][status] PUT https://storage.googleapis.com/uploads-469114469007.us-central1.cloudfunctions.appspot.com/65626e85-9557-4f6a-b6c7-c70f9185acf0.zip 200
[debug] [2022-10-05T11:46:19.334Z] <<< [apiv2][body] PUT https://storage.googleapis.com/uploads-469114469007.us-central1.cloudfunctions.appspot.com/65626e85-9557-4f6a-b6c7-c70f9185acf0.zip [omitted]
[info] +  functions: functions folder uploaded successfully 
[info] i  functions: updating Node.js 16 function expressApi(us-central1)... 
[debug] [2022-10-05T11:46:19.340Z] >>> [apiv2][query] PATCH https://cloudfunctions.googleapis.com/v1/projects/langucardsapp/locations/us-central1/functions/expressApi updateMask=name%2CsourceUploadUrl%2CentryPoint%2Cruntime%2CdockerRegistry%2Clabels%2ChttpsTrigger.securityLevel%2CenvironmentVariables%2CavailableMemoryMb%2CsourceToken
[debug] [2022-10-05T11:46:19.341Z] >>> [apiv2][body] PATCH https://cloudfunctions.googleapis.com/v1/projects/langucardsapp/locations/us-central1/functions/expressApi {"name":"projects/langucardsapp/locations/us-central1/functions/expressApi","sourceUploadUrl":"https://storage.googleapis.com/uploads-469114469007.us-central1.cloudfunctions.appspot.com/65626e85-9557-4f6a-b6c7-c70f9185acf0.zip?GoogleAccessId=service-776300738099@gcf-admin-robot.iam.gserviceaccount.com&Expires=1664972178&Signature=eUVY18Q7a6Pj815CueJn6F2NPOzj38mrOWdwHcJENhY1086NBVhyVvxhVK%2BuRsHORN59LSDazHiJnseQaRwR1NfWZu6YBrMCwHipNVStgI7k9yGcEVRfzYyNsZeHNwASFI%2FbO0KuHCcSRceAWsi1YtQtdxWhlt1pqrS2t2vsfgpxALYJv%2B2Mv0FoTRp3AutQRWuRqmvVmOJyS7zQ1mMQ%2BO%2ByAXt0ka6PBD8mpnAPyR7O%2F0V6muUGPILDaQ1JaDzk2ICXypvtJRayaUgq%2FH%2FuZXEJUll5aA%2FMKLQjx8P9a6NvDjvVLhN1C6UKHxVeNw4dGxoDyLyjqBQdb5bdCQio0w%3D%3D","entryPoint":"expressApi","runtime":"nodejs16","dockerRegistry":"ARTIFACT_REGISTRY","labels":{"deployment-tool":"cli-firebase","firebase-functions-hash":"201ecc00d33d8cbd6765846764f6d7a261b853fb"},"httpsTrigger":{"securityLevel":"SECURE_ALWAYS"},"environmentVariables":{"MONGO_PWD":"HfVknzsvX23fk6aI","JWT_TOKEN_SECRET":"s5Km9$j.{30bV_3;qwE","FIREBASE_CONFIG":"{\"projectId\":\"langucardsapp\",\"storageBucket\":\"langucardsapp.appspot.com\"}","GCLOUD_PROJECT":"langucardsapp"},"availableMemoryMb":256}
[debug] [2022-10-05T11:46:20.125Z] <<< [apiv2][status] PATCH https://cloudfunctions.googleapis.com/v1/projects/langucardsapp/locations/us-central1/functions/expressApi 200
[debug] [2022-10-05T11:46:20.125Z] <<< [apiv2][body] PATCH https://cloudfunctions.googleapis.com/v1/projects/langucardsapp/locations/us-central1/functions/expressApi {"name":"operations/bGFuZ3VjYXJkc2FwcC91cy1jZW50cmFsMS9leHByZXNzQXBpL2FYTV8xUExjNFRn","metadata":{"@type":"type.googleapis.com/google.cloud.functions.v1.OperationMetadataV1","target":"projects/langucardsapp/locations/us-central1/functions/expressApi","type":"UPDATE_FUNCTION","request":{"@type":"type.googleapis.com/google.cloud.functions.v1.CloudFunction","name":"projects/langucardsapp/locations/us-central1/functions/expressApi","httpsTrigger":{"url":"https://us-central1-langucardsapp.cloudfunctions.net/expressApi","securityLevel":"SECURE_ALWAYS"},"status":"OFFLINE","entryPoint":"expressApi","timeout":"60s","availableMemoryMb":256,"serviceAccountEmail":"langucardsapp@appspot.gserviceaccount.com","updateTime":"2022-10-05T11:21:30.731Z","versionId":"1","labels":{"deployment-tool":"cli-firebase","firebase-functions-hash":"201ecc00d33d8cbd6765846764f6d7a261b853fb"},"sourceUploadUrl":"https://storage.googleapis.com/uploads-469114469007.us-central1.cloudfunctions.appspot.com/65626e85-9557-4f6a-b6c7-c70f9185acf0.zip?GoogleAccessId=service-776300738099@gcf-admin-robot.iam.gserviceaccount.com&Expires=1664972178&Signature=eUVY18Q7a6Pj815CueJn6F2NPOzj38mrOWdwHcJENhY1086NBVhyVvxhVK%2BuRsHORN59LSDazHiJnseQaRwR1NfWZu6YBrMCwHipNVStgI7k9yGcEVRfzYyNsZeHNwASFI%2FbO0KuHCcSRceAWsi1YtQtdxWhlt1pqrS2t2vsfgpxALYJv%2B2Mv0FoTRp3AutQRWuRqmvVmOJyS7zQ1mMQ%2BO%2ByAXt0ka6PBD8mpnAPyR7O%2F0V6muUGPILDaQ1JaDzk2ICXypvtJRayaUgq%2FH%2FuZXEJUll5aA%2FMKLQjx8P9a6NvDjvVLhN1C6UKHxVeNw4dGxoDyLyjqBQdb5bdCQio0w%3D%3D","environmentVariables":{"MONGO_PWD":"HfVknzsvX23fk6aI","JWT_TOKEN_SECRET":"s5Km9$j.{30bV_3;qwE","FIREBASE_CONFIG":"{\"projectId\":\"langucardsapp\",\"storageBucket\":\"langucardsapp.appspot.com\"}","GCLOUD_PROJECT":"langucardsapp"},"runtime":"nodejs16","ingressSettings":"ALLOW_ALL","buildId":"03e65021-b9fe-443d-9b3f-08fdc160cc7e","buildName":"projects/776300738099/locations/us-central1/builds/03e65021-b9fe-443d-9b3f-08fdc160cc7e","dockerRegistry":"ARTIFACT_REGISTRY"},"versionId":"2","updateTime":"2022-10-05T11:46:19Z"}}
[debug] [2022-10-05T11:46:20.126Z] >>> [apiv2][query] GET https://cloudfunctions.googleapis.com/v1/operations/bGFuZ3VjYXJkc2FwcC91cy1jZW50cmFsMS9leHByZXNzQXBpL2FYTV8xUExjNFRn [none]
[debug] [2022-10-05T11:46:20.460Z] <<< [apiv2][status] GET https://cloudfunctions.googleapis.com/v1/operations/bGFuZ3VjYXJkc2FwcC91cy1jZW50cmFsMS9leHByZXNzQXBpL2FYTV8xUExjNFRn 200
[debug] [2022-10-05T11:46:20.460Z] <<< [apiv2][body] GET https://cloudfunctions.googleapis.com/v1/operations/bGFuZ3VjYXJkc2FwcC91cy1jZW50cmFsMS9leHByZXNzQXBpL2FYTV8xUExjNFRn {"name":"operations/bGFuZ3VjYXJkc2FwcC91cy1jZW50cmFsMS9leHByZXNzQXBpL2FYTV8xUExjNFRn","metadata":{"@type":"type.googleapis.com/google.cloud.functions.v1.OperationMetadataV1","target":"projects/langucardsapp/locations/us-central1/functions/expressApi","type":"UPDATE_FUNCTION","request":{"@type":"type.googleapis.com/google.cloud.functions.v1.CloudFunction","name":"projects/langucardsapp/locations/us-central1/functions/expressApi","httpsTrigger":{"url":"https://us-central1-langucardsapp.cloudfunctions.net/expressApi","securityLevel":"SECURE_ALWAYS"},"status":"OFFLINE","entryPoint":"expressApi","timeout":"60s","availableMemoryMb":256,"serviceAccountEmail":"langucardsapp@appspot.gserviceaccount.com","updateTime":"2022-10-05T11:21:30.731Z","versionId":"1","labels":{"deployment-tool":"cli-firebase","firebase-functions-hash":"201ecc00d33d8cbd6765846764f6d7a261b853fb"},"sourceUploadUrl":"https://storage.googleapis.com/uploads-469114469007.us-central1.cloudfunctions.appspot.com/65626e85-9557-4f6a-b6c7-c70f9185acf0.zip?GoogleAccessId=service-776300738099@gcf-admin-robot.iam.gserviceaccount.com&Expires=1664972178&Signature=eUVY18Q7a6Pj815CueJn6F2NPOzj38mrOWdwHcJENhY1086NBVhyVvxhVK%2BuRsHORN59LSDazHiJnseQaRwR1NfWZu6YBrMCwHipNVStgI7k9yGcEVRfzYyNsZeHNwASFI%2FbO0KuHCcSRceAWsi1YtQtdxWhlt1pqrS2t2vsfgpxALYJv%2B2Mv0FoTRp3AutQRWuRqmvVmOJyS7zQ1mMQ%2BO%2ByAXt0ka6PBD8mpnAPyR7O%2F0V6muUGPILDaQ1JaDzk2ICXypvtJRayaUgq%2FH%2FuZXEJUll5aA%2FMKLQjx8P9a6NvDjvVLhN1C6UKHxVeNw4dGxoDyLyjqBQdb5bdCQio0w%3D%3D","environmentVariables":{"MONGO_PWD":"HfVknzsvX23fk6aI","JWT_TOKEN_SECRET":"s5Km9$j.{30bV_3;qwE","FIREBASE_CONFIG":"{\"projectId\":\"langucardsapp\",\"storageBucket\":\"langucardsapp.appspot.com\"}","GCLOUD_PROJECT":"langucardsapp"},"runtime":"nodejs16","ingressSettings":"ALLOW_ALL","buildId":"03e65021-b9fe-443d-9b3f-08fdc160cc7e","buildName":"projects/776300738099/locations/us-central1/builds/03e65021-b9fe-443d-9b3f-08fdc160cc7e","dockerRegistry":"ARTIFACT_REGISTRY"},"versionId":"2","updateTime":"2022-10-05T11:46:20Z"}}
[debug] [2022-10-05T11:46:20.962Z] [update-default-us-central1-expressApi] Retrying task index 0
[debug] [2022-10-05T11:46:20.964Z] >>> [apiv2][query] GET https://cloudfunctions.googleapis.com/v1/operations/bGFuZ3VjYXJkc2FwcC91cy1jZW50cmFsMS9leHByZXNzQXBpL2FYTV8xUExjNFRn [none]
[debug] [2022-10-05T11:46:21.311Z] <<< [apiv2][status] GET https://cloudfunctions.googleapis.com/v1/operations/bGFuZ3VjYXJkc2FwcC91cy1jZW50cmFsMS9leHByZXNzQXBpL2FYTV8xUExjNFRn 200
[debug] [2022-10-05T11:46:21.311Z] <<< [apiv2][body] GET https://cloudfunctions.googleapis.com/v1/operations/bGFuZ3VjYXJkc2FwcC91cy1jZW50cmFsMS9leHByZXNzQXBpL2FYTV8xUExjNFRn {"name":"operations/bGFuZ3VjYXJkc2FwcC91cy1jZW50cmFsMS9leHByZXNzQXBpL2FYTV8xUExjNFRn","metadata":{"@type":"type.googleapis.com/google.cloud.functions.v1.OperationMetadataV1","target":"projects/langucardsapp/locations/us-central1/functions/expressApi","type":"UPDATE_FUNCTION","request":{"@type":"type.googleapis.com/google.cloud.functions.v1.CloudFunction","name":"projects/langucardsapp/locations/us-central1/functions/expressApi","httpsTrigger":{"url":"https://us-central1-langucardsapp.cloudfunctions.net/expressApi","securityLevel":"SECURE_ALWAYS"},"status":"OFFLINE","entryPoint":"expressApi","timeout":"60s","availableMemoryMb":256,"serviceAccountEmail":"langucardsapp@appspot.gserviceaccount.com","updateTime":"2022-10-05T11:21:30.731Z","versionId":"1","labels":{"deployment-tool":"cli-firebase","firebase-functions-hash":"201ecc00d33d8cbd6765846764f6d7a261b853fb"},"sourceUploadUrl":"https://storage.googleapis.com/uploads-469114469007.us-central1.cloudfunctions.appspot.com/65626e85-9557-4f6a-b6c7-c70f9185acf0.zip?GoogleAccessId=service-776300738099@gcf-admin-robot.iam.gserviceaccount.com&Expires=1664972178&Signature=eUVY18Q7a6Pj815CueJn6F2NPOzj38mrOWdwHcJENhY1086NBVhyVvxhVK%2BuRsHORN59LSDazHiJnseQaRwR1NfWZu6YBrMCwHipNVStgI7k9yGcEVRfzYyNsZeHNwASFI%2FbO0KuHCcSRceAWsi1YtQtdxWhlt1pqrS2t2vsfgpxALYJv%2B2Mv0FoTRp3AutQRWuRqmvVmOJyS7zQ1mMQ%2BO%2ByAXt0ka6PBD8mpnAPyR7O%2F0V6muUGPILDaQ1JaDzk2ICXypvtJRayaUgq%2FH%2FuZXEJUll5aA%2FMKLQjx8P9a6NvDjvVLhN1C6UKHxVeNw4dGxoDyLyjqBQdb5bdCQio0w%3D%3D","environmentVariables":{"MONGO_PWD":"HfVknzsvX23fk6aI","JWT_TOKEN_SECRET":"s5Km9$j.{30bV_3;qwE","FIREBASE_CONFIG":"{\"projectId\":\"langucardsapp\",\"storageBucket\":\"langucardsapp.appspot.com\"}","GCLOUD_PROJECT":"langucardsapp"},"runtime":"nodejs16","ingressSettings":"ALLOW_ALL","buildId":"03e65021-b9fe-443d-9b3f-08fdc160cc7e","buildName":"projects/776300738099/locations/us-central1/builds/03e65021-b9fe-443d-9b3f-08fdc160cc7e","dockerRegistry":"ARTIFACT_REGISTRY"},"versionId":"2","updateTime":"2022-10-05T11:46:20Z","buildId":"e51b3993-9de8-41ae-9814-8a543d441563","buildName":"projects/776300738099/locations/us-central1/builds/e51b3993-9de8-41ae-9814-8a543d441563"}}
[debug] [2022-10-05T11:46:22.318Z] [update-default-us-central1-expressApi] Retrying task index 0
[debug] [2022-10-05T11:46:22.318Z] >>> [apiv2][query] GET https://cloudfunctions.googleapis.com/v1/operations/bGFuZ3VjYXJkc2FwcC91cy1jZW50cmFsMS9leHByZXNzQXBpL2FYTV8xUExjNFRn [none]
[debug] [2022-10-05T11:46:22.689Z] <<< [apiv2][status] GET https://cloudfunctions.googleapis.com/v1/operations/bGFuZ3VjYXJkc2FwcC91cy1jZW50cmFsMS9leHByZXNzQXBpL2FYTV8xUExjNFRn 200
[debug] [2022-10-05T11:46:22.689Z] <<< [apiv2][body] GET https://cloudfunctions.googleapis.com/v1/operations/bGFuZ3VjYXJkc2FwcC91cy1jZW50cmFsMS9leHByZXNzQXBpL2FYTV8xUExjNFRn {"name":"operations/bGFuZ3VjYXJkc2FwcC91cy1jZW50cmFsMS9leHByZXNzQXBpL2FYTV8xUExjNFRn","metadata":{"@type":"type.googleapis.com/google.cloud.functions.v1.OperationMetadataV1","target":"projects/langucardsapp/locations/us-central1/functions/expressApi","type":"UPDATE_FUNCTION","request":{"@type":"type.googleapis.com/google.cloud.functions.v1.CloudFunction","name":"projects/langucardsapp/locations/us-central1/functions/expressApi","httpsTrigger":{"url":"https://us-central1-langucardsapp.cloudfunctions.net/expressApi","securityLevel":"SECURE_ALWAYS"},"status":"OFFLINE","entryPoint":"expressApi","timeout":"60s","availableMemoryMb":256,"serviceAccountEmail":"langucardsapp@appspot.gserviceaccount.com","updateTime":"2022-10-05T11:21:30.731Z","versionId":"1","labels":{"deployment-tool":"cli-firebase","firebase-functions-hash":"201ecc00d33d8cbd6765846764f6d7a261b853fb"},"sourceUploadUrl":"https://storage.googleapis.com/uploads-469114469007.us-central1.cloudfunctions.appspot.com/65626e85-9557-4f6a-b6c7-c70f9185acf0.zip?GoogleAccessId=service-776300738099@gcf-admin-robot.iam.gserviceaccount.com&Expires=1664972178&Signature=eUVY18Q7a6Pj815CueJn6F2NPOzj38mrOWdwHcJENhY1086NBVhyVvxhVK%2BuRsHORN59LSDazHiJnseQaRwR1NfWZu6YBrMCwHipNVStgI7k9yGcEVRfzYyNsZeHNwASFI%2FbO0KuHCcSRceAWsi1YtQtdxWhlt1pqrS2t2vsfgpxALYJv%2B2Mv0FoTRp3AutQRWuRqmvVmOJyS7zQ1mMQ%2BO%2ByAXt0ka6PBD8mpnAPyR7O%2F0V6muUGPILDaQ1JaDzk2ICXypvtJRayaUgq%2FH%2FuZXEJUll5aA%2FMKLQjx8P9a6NvDjvVLhN1C6UKHxVeNw4dGxoDyLyjqBQdb5bdCQio0w%3D%3D","environmentVariables":{"MONGO_PWD":"HfVknzsvX23fk6aI","JWT_TOKEN_SECRET":"s5Km9$j.{30bV_3;qwE","FIREBASE_CONFIG":"{\"projectId\":\"langucardsapp\",\"storageBucket\":\"langucardsapp.appspot.com\"}","GCLOUD_PROJECT":"langucardsapp"},"runtime":"nodejs16","ingressSettings":"ALLOW_ALL","buildId":"03e65021-b9fe-443d-9b3f-08fdc160cc7e","buildName":"projects/776300738099/locations/us-central1/builds/03e65021-b9fe-443d-9b3f-08fdc160cc7e","dockerRegistry":"ARTIFACT_REGISTRY"},"versionId":"2","updateTime":"2022-10-05T11:46:20Z","buildId":"e51b3993-9de8-41ae-9814-8a543d441563","buildName":"projects/776300738099/locations/us-central1/builds/e51b3993-9de8-41ae-9814-8a543d441563"}}
[debug] [2022-10-05T11:46:24.690Z] [update-default-us-central1-expressApi] Retrying task index 0
[debug] [2022-10-05T11:46:24.691Z] >>> [apiv2][query] GET https://cloudfunctions.googleapis.com/v1/operations/bGFuZ3VjYXJkc2FwcC91cy1jZW50cmFsMS9leHByZXNzQXBpL2FYTV8xUExjNFRn [none]
[debug] [2022-10-05T11:46:25.012Z] <<< [apiv2][status] GET https://cloudfunctions.googleapis.com/v1/operations/bGFuZ3VjYXJkc2FwcC91cy1jZW50cmFsMS9leHByZXNzQXBpL2FYTV8xUExjNFRn 200
[debug] [2022-10-05T11:46:25.012Z] <<< [apiv2][body] GET https://cloudfunctions.googleapis.com/v1/operations/bGFuZ3VjYXJkc2FwcC91cy1jZW50cmFsMS9leHByZXNzQXBpL2FYTV8xUExjNFRn {"name":"operations/bGFuZ3VjYXJkc2FwcC91cy1jZW50cmFsMS9leHByZXNzQXBpL2FYTV8xUExjNFRn","metadata":{"@type":"type.googleapis.com/google.cloud.functions.v1.OperationMetadataV1","target":"projects/langucardsapp/locations/us-central1/functions/expressApi","type":"UPDATE_FUNCTION","request":{"@type":"type.googleapis.com/google.cloud.functions.v1.CloudFunction","name":"projects/langucardsapp/locations/us-central1/functions/expressApi","httpsTrigger":{"url":"https://us-central1-langucardsapp.cloudfunctions.net/expressApi","securityLevel":"SECURE_ALWAYS"},"status":"OFFLINE","entryPoint":"expressApi","timeout":"60s","availableMemoryMb":256,"serviceAccountEmail":"langucardsapp@appspot.gserviceaccount.com","updateTime":"2022-10-05T11:21:30.731Z","versionId":"1","labels":{"deployment-tool":"cli-firebase","firebase-functions-hash":"201ecc00d33d8cbd6765846764f6d7a261b853fb"},"sourceUploadUrl":"https://storage.googleapis.com/uploads-469114469007.us-central1.cloudfunctions.appspot.com/65626e85-9557-4f6a-b6c7-c70f9185acf0.zip?GoogleAccessId=service-776300738099@gcf-admin-robot.iam.gserviceaccount.com&Expires=1664972178&Signature=eUVY18Q7a6Pj815CueJn6F2NPOzj38mrOWdwHcJENhY1086NBVhyVvxhVK%2BuRsHORN59LSDazHiJnseQaRwR1NfWZu6YBrMCwHipNVStgI7k9yGcEVRfzYyNsZeHNwASFI%2FbO0KuHCcSRceAWsi1YtQtdxWhlt1pqrS2t2vsfgpxALYJv%2B2Mv0FoTRp3AutQRWuRqmvVmOJyS7zQ1mMQ%2BO%2ByAXt0ka6PBD8mpnAPyR7O%2F0V6muUGPILDaQ1JaDzk2ICXypvtJRayaUgq%2FH%2FuZXEJUll5aA%2FMKLQjx8P9a6NvDjvVLhN1C6UKHxVeNw4dGxoDyLyjqBQdb5bdCQio0w%3D%3D","environmentVariables":{"MONGO_PWD":"HfVknzsvX23fk6aI","JWT_TOKEN_SECRET":"s5Km9$j.{30bV_3;qwE","FIREBASE_CONFIG":"{\"projectId\":\"langucardsapp\",\"storageBucket\":\"langucardsapp.appspot.com\"}","GCLOUD_PROJECT":"langucardsapp"},"runtime":"nodejs16","ingressSettings":"ALLOW_ALL","buildId":"03e65021-b9fe-443d-9b3f-08fdc160cc7e","buildName":"projects/776300738099/locations/us-central1/builds/03e65021-b9fe-443d-9b3f-08fdc160cc7e","dockerRegistry":"ARTIFACT_REGISTRY"},"versionId":"2","updateTime":"2022-10-05T11:46:20Z","buildId":"e51b3993-9de8-41ae-9814-8a543d441563","buildName":"projects/776300738099/locations/us-central1/builds/e51b3993-9de8-41ae-9814-8a543d441563"}}
[debug] [2022-10-05T11:46:29.021Z] [update-default-us-central1-expressApi] Retrying task index 0
[debug] [2022-10-05T11:46:29.021Z] >>> [apiv2][query] GET https://cloudfunctions.googleapis.com/v1/operations/bGFuZ3VjYXJkc2FwcC91cy1jZW50cmFsMS9leHByZXNzQXBpL2FYTV8xUExjNFRn [none]
[debug] [2022-10-05T11:46:29.447Z] <<< [apiv2][status] GET https://cloudfunctions.googleapis.com/v1/operations/bGFuZ3VjYXJkc2FwcC91cy1jZW50cmFsMS9leHByZXNzQXBpL2FYTV8xUExjNFRn 200
[debug] [2022-10-05T11:46:29.447Z] <<< [apiv2][body] GET https://cloudfunctions.googleapis.com/v1/operations/bGFuZ3VjYXJkc2FwcC91cy1jZW50cmFsMS9leHByZXNzQXBpL2FYTV8xUExjNFRn {"name":"operations/bGFuZ3VjYXJkc2FwcC91cy1jZW50cmFsMS9leHByZXNzQXBpL2FYTV8xUExjNFRn","metadata":{"@type":"type.googleapis.com/google.cloud.functions.v1.OperationMetadataV1","target":"projects/langucardsapp/locations/us-central1/functions/expressApi","type":"UPDATE_FUNCTION","request":{"@type":"type.googleapis.com/google.cloud.functions.v1.CloudFunction","name":"projects/langucardsapp/locations/us-central1/functions/expressApi","httpsTrigger":{"url":"https://us-central1-langucardsapp.cloudfunctions.net/expressApi","securityLevel":"SECURE_ALWAYS"},"status":"OFFLINE","entryPoint":"expressApi","timeout":"60s","availableMemoryMb":256,"serviceAccountEmail":"langucardsapp@appspot.gserviceaccount.com","updateTime":"2022-10-05T11:21:30.731Z","versionId":"1","labels":{"deployment-tool":"cli-firebase","firebase-functions-hash":"201ecc00d33d8cbd6765846764f6d7a261b853fb"},"sourceUploadUrl":"https://storage.googleapis.com/uploads-469114469007.us-central1.cloudfunctions.appspot.com/65626e85-9557-4f6a-b6c7-c70f9185acf0.zip?GoogleAccessId=service-776300738099@gcf-admin-robot.iam.gserviceaccount.com&Expires=1664972178&Signature=eUVY18Q7a6Pj815CueJn6F2NPOzj38mrOWdwHcJENhY1086NBVhyVvxhVK%2BuRsHORN59LSDazHiJnseQaRwR1NfWZu6YBrMCwHipNVStgI7k9yGcEVRfzYyNsZeHNwASFI%2FbO0KuHCcSRceAWsi1YtQtdxWhlt1pqrS2t2vsfgpxALYJv%2B2Mv0FoTRp3AutQRWuRqmvVmOJyS7zQ1mMQ%2BO%2ByAXt0ka6PBD8mpnAPyR7O%2F0V6muUGPILDaQ1JaDzk2ICXypvtJRayaUgq%2FH%2FuZXEJUll5aA%2FMKLQjx8P9a6NvDjvVLhN1C6UKHxVeNw4dGxoDyLyjqBQdb5bdCQio0w%3D%3D","environmentVariables":{"MONGO_PWD":"HfVknzsvX23fk6aI","JWT_TOKEN_SECRET":"s5Km9$j.{30bV_3;qwE","FIREBASE_CONFIG":"{\"projectId\":\"langucardsapp\",\"storageBucket\":\"langucardsapp.appspot.com\"}","GCLOUD_PROJECT":"langucardsapp"},"runtime":"nodejs16","ingressSettings":"ALLOW_ALL","buildId":"03e65021-b9fe-443d-9b3f-08fdc160cc7e","buildName":"projects/776300738099/locations/us-central1/builds/03e65021-b9fe-443d-9b3f-08fdc160cc7e","dockerRegistry":"ARTIFACT_REGISTRY"},"versionId":"2","updateTime":"2022-10-05T11:46:20Z","buildId":"e51b3993-9de8-41ae-9814-8a543d441563","buildName":"projects/776300738099/locations/us-central1/builds/e51b3993-9de8-41ae-9814-8a543d441563"}}
[debug] [2022-10-05T11:46:37.458Z] [update-default-us-central1-expressApi] Retrying task index 0
[debug] [2022-10-05T11:46:37.458Z] >>> [apiv2][query] GET https://cloudfunctions.googleapis.com/v1/operations/bGFuZ3VjYXJkc2FwcC91cy1jZW50cmFsMS9leHByZXNzQXBpL2FYTV8xUExjNFRn [none]
[debug] [2022-10-05T11:46:37.851Z] <<< [apiv2][status] GET https://cloudfunctions.googleapis.com/v1/operations/bGFuZ3VjYXJkc2FwcC91cy1jZW50cmFsMS9leHByZXNzQXBpL2FYTV8xUExjNFRn 200
[debug] [2022-10-05T11:46:37.851Z] <<< [apiv2][body] GET https://cloudfunctions.googleapis.com/v1/operations/bGFuZ3VjYXJkc2FwcC91cy1jZW50cmFsMS9leHByZXNzQXBpL2FYTV8xUExjNFRn {"name":"operations/bGFuZ3VjYXJkc2FwcC91cy1jZW50cmFsMS9leHByZXNzQXBpL2FYTV8xUExjNFRn","metadata":{"@type":"type.googleapis.com/google.cloud.functions.v1.OperationMetadataV1","target":"projects/langucardsapp/locations/us-central1/functions/expressApi","type":"UPDATE_FUNCTION","request":{"@type":"type.googleapis.com/google.cloud.functions.v1.CloudFunction","name":"projects/langucardsapp/locations/us-central1/functions/expressApi","httpsTrigger":{"url":"https://us-central1-langucardsapp.cloudfunctions.net/expressApi","securityLevel":"SECURE_ALWAYS"},"status":"OFFLINE","entryPoint":"expressApi","timeout":"60s","availableMemoryMb":256,"serviceAccountEmail":"langucardsapp@appspot.gserviceaccount.com","updateTime":"2022-10-05T11:21:30.731Z","versionId":"1","labels":{"deployment-tool":"cli-firebase","firebase-functions-hash":"201ecc00d33d8cbd6765846764f6d7a261b853fb"},"sourceUploadUrl":"https://storage.googleapis.com/uploads-469114469007.us-central1.cloudfunctions.appspot.com/65626e85-9557-4f6a-b6c7-c70f9185acf0.zip?GoogleAccessId=service-776300738099@gcf-admin-robot.iam.gserviceaccount.com&Expires=1664972178&Signature=eUVY18Q7a6Pj815CueJn6F2NPOzj38mrOWdwHcJENhY1086NBVhyVvxhVK%2BuRsHORN59LSDazHiJnseQaRwR1NfWZu6YBrMCwHipNVStgI7k9yGcEVRfzYyNsZeHNwASFI%2FbO0KuHCcSRceAWsi1YtQtdxWhlt1pqrS2t2vsfgpxALYJv%2B2Mv0FoTRp3AutQRWuRqmvVmOJyS7zQ1mMQ%2BO%2ByAXt0ka6PBD8mpnAPyR7O%2F0V6muUGPILDaQ1JaDzk2ICXypvtJRayaUgq%2FH%2FuZXEJUll5aA%2FMKLQjx8P9a6NvDjvVLhN1C6UKHxVeNw4dGxoDyLyjqBQdb5bdCQio0w%3D%3D","environmentVariables":{"MONGO_PWD":"HfVknzsvX23fk6aI","JWT_TOKEN_SECRET":"s5Km9$j.{30bV_3;qwE","FIREBASE_CONFIG":"{\"projectId\":\"langucardsapp\",\"storageBucket\":\"langucardsapp.appspot.com\"}","GCLOUD_PROJECT":"langucardsapp"},"runtime":"nodejs16","ingressSettings":"ALLOW_ALL","buildId":"03e65021-b9fe-443d-9b3f-08fdc160cc7e","buildName":"projects/776300738099/locations/us-central1/builds/03e65021-b9fe-443d-9b3f-08fdc160cc7e","dockerRegistry":"ARTIFACT_REGISTRY"},"versionId":"2","updateTime":"2022-10-05T11:46:20Z","buildId":"e51b3993-9de8-41ae-9814-8a543d441563","buildName":"projects/776300738099/locations/us-central1/builds/e51b3993-9de8-41ae-9814-8a543d441563"}}
[debug] [2022-10-05T11:46:47.859Z] [update-default-us-central1-expressApi] Retrying task index 0
[debug] [2022-10-05T11:46:47.859Z] >>> [apiv2][query] GET https://cloudfunctions.googleapis.com/v1/operations/bGFuZ3VjYXJkc2FwcC91cy1jZW50cmFsMS9leHByZXNzQXBpL2FYTV8xUExjNFRn [none]
[debug] [2022-10-05T11:46:48.225Z] <<< [apiv2][status] GET https://cloudfunctions.googleapis.com/v1/operations/bGFuZ3VjYXJkc2FwcC91cy1jZW50cmFsMS9leHByZXNzQXBpL2FYTV8xUExjNFRn 200
[debug] [2022-10-05T11:46:48.225Z] <<< [apiv2][body] GET https://cloudfunctions.googleapis.com/v1/operations/bGFuZ3VjYXJkc2FwcC91cy1jZW50cmFsMS9leHByZXNzQXBpL2FYTV8xUExjNFRn {"name":"operations/bGFuZ3VjYXJkc2FwcC91cy1jZW50cmFsMS9leHByZXNzQXBpL2FYTV8xUExjNFRn","metadata":{"@type":"type.googleapis.com/google.cloud.functions.v1.OperationMetadataV1","target":"projects/langucardsapp/locations/us-central1/functions/expressApi","type":"UPDATE_FUNCTION","request":{"@type":"type.googleapis.com/google.cloud.functions.v1.CloudFunction","name":"projects/langucardsapp/locations/us-central1/functions/expressApi","httpsTrigger":{"url":"https://us-central1-langucardsapp.cloudfunctions.net/expressApi","securityLevel":"SECURE_ALWAYS"},"status":"OFFLINE","entryPoint":"expressApi","timeout":"60s","availableMemoryMb":256,"serviceAccountEmail":"langucardsapp@appspot.gserviceaccount.com","updateTime":"2022-10-05T11:21:30.731Z","versionId":"1","labels":{"deployment-tool":"cli-firebase","firebase-functions-hash":"201ecc00d33d8cbd6765846764f6d7a261b853fb"},"sourceUploadUrl":"https://storage.googleapis.com/uploads-469114469007.us-central1.cloudfunctions.appspot.com/65626e85-9557-4f6a-b6c7-c70f9185acf0.zip?GoogleAccessId=service-776300738099@gcf-admin-robot.iam.gserviceaccount.com&Expires=1664972178&Signature=eUVY18Q7a6Pj815CueJn6F2NPOzj38mrOWdwHcJENhY1086NBVhyVvxhVK%2BuRsHORN59LSDazHiJnseQaRwR1NfWZu6YBrMCwHipNVStgI7k9yGcEVRfzYyNsZeHNwASFI%2FbO0KuHCcSRceAWsi1YtQtdxWhlt1pqrS2t2vsfgpxALYJv%2B2Mv0FoTRp3AutQRWuRqmvVmOJyS7zQ1mMQ%2BO%2ByAXt0ka6PBD8mpnAPyR7O%2F0V6muUGPILDaQ1JaDzk2ICXypvtJRayaUgq%2FH%2FuZXEJUll5aA%2FMKLQjx8P9a6NvDjvVLhN1C6UKHxVeNw4dGxoDyLyjqBQdb5bdCQio0w%3D%3D","environmentVariables":{"MONGO_PWD":"HfVknzsvX23fk6aI","JWT_TOKEN_SECRET":"s5Km9$j.{30bV_3;qwE","FIREBASE_CONFIG":"{\"projectId\":\"langucardsapp\",\"storageBucket\":\"langucardsapp.appspot.com\"}","GCLOUD_PROJECT":"langucardsapp"},"runtime":"nodejs16","ingressSettings":"ALLOW_ALL","buildId":"03e65021-b9fe-443d-9b3f-08fdc160cc7e","buildName":"projects/776300738099/locations/us-central1/builds/03e65021-b9fe-443d-9b3f-08fdc160cc7e","dockerRegistry":"ARTIFACT_REGISTRY"},"versionId":"2","updateTime":"2022-10-05T11:46:20Z","buildId":"e51b3993-9de8-41ae-9814-8a543d441563","buildName":"projects/776300738099/locations/us-central1/builds/e51b3993-9de8-41ae-9814-8a543d441563"}}
[debug] [2022-10-05T11:46:58.228Z] [update-default-us-central1-expressApi] Retrying task index 0
[debug] [2022-10-05T11:46:58.228Z] >>> [apiv2][query] GET https://cloudfunctions.googleapis.com/v1/operations/bGFuZ3VjYXJkc2FwcC91cy1jZW50cmFsMS9leHByZXNzQXBpL2FYTV8xUExjNFRn [none]
[debug] [2022-10-05T11:46:58.581Z] <<< [apiv2][status] GET https://cloudfunctions.googleapis.com/v1/operations/bGFuZ3VjYXJkc2FwcC91cy1jZW50cmFsMS9leHByZXNzQXBpL2FYTV8xUExjNFRn 200
[debug] [2022-10-05T11:46:58.581Z] <<< [apiv2][body] GET https://cloudfunctions.googleapis.com/v1/operations/bGFuZ3VjYXJkc2FwcC91cy1jZW50cmFsMS9leHByZXNzQXBpL2FYTV8xUExjNFRn {"name":"operations/bGFuZ3VjYXJkc2FwcC91cy1jZW50cmFsMS9leHByZXNzQXBpL2FYTV8xUExjNFRn","metadata":{"@type":"type.googleapis.com/google.cloud.functions.v1.OperationMetadataV1","target":"projects/langucardsapp/locations/us-central1/functions/expressApi","type":"UPDATE_FUNCTION","request":{"@type":"type.googleapis.com/google.cloud.functions.v1.CloudFunction","name":"projects/langucardsapp/locations/us-central1/functions/expressApi","httpsTrigger":{"url":"https://us-central1-langucardsapp.cloudfunctions.net/expressApi","securityLevel":"SECURE_ALWAYS"},"status":"OFFLINE","entryPoint":"expressApi","timeout":"60s","availableMemoryMb":256,"serviceAccountEmail":"langucardsapp@appspot.gserviceaccount.com","updateTime":"2022-10-05T11:21:30.731Z","versionId":"1","labels":{"deployment-tool":"cli-firebase","firebase-functions-hash":"201ecc00d33d8cbd6765846764f6d7a261b853fb"},"sourceUploadUrl":"https://storage.googleapis.com/uploads-469114469007.us-central1.cloudfunctions.appspot.com/65626e85-9557-4f6a-b6c7-c70f9185acf0.zip?GoogleAccessId=service-776300738099@gcf-admin-robot.iam.gserviceaccount.com&Expires=1664972178&Signature=eUVY18Q7a6Pj815CueJn6F2NPOzj38mrOWdwHcJENhY1086NBVhyVvxhVK%2BuRsHORN59LSDazHiJnseQaRwR1NfWZu6YBrMCwHipNVStgI7k9yGcEVRfzYyNsZeHNwASFI%2FbO0KuHCcSRceAWsi1YtQtdxWhlt1pqrS2t2vsfgpxALYJv%2B2Mv0FoTRp3AutQRWuRqmvVmOJyS7zQ1mMQ%2BO%2ByAXt0ka6PBD8mpnAPyR7O%2F0V6muUGPILDaQ1JaDzk2ICXypvtJRayaUgq%2FH%2FuZXEJUll5aA%2FMKLQjx8P9a6NvDjvVLhN1C6UKHxVeNw4dGxoDyLyjqBQdb5bdCQio0w%3D%3D","environmentVariables":{"MONGO_PWD":"HfVknzsvX23fk6aI","JWT_TOKEN_SECRET":"s5Km9$j.{30bV_3;qwE","FIREBASE_CONFIG":"{\"projectId\":\"langucardsapp\",\"storageBucket\":\"langucardsapp.appspot.com\"}","GCLOUD_PROJECT":"langucardsapp"},"runtime":"nodejs16","ingressSettings":"ALLOW_ALL","buildId":"03e65021-b9fe-443d-9b3f-08fdc160cc7e","buildName":"projects/776300738099/locations/us-central1/builds/03e65021-b9fe-443d-9b3f-08fdc160cc7e","dockerRegistry":"ARTIFACT_REGISTRY"},"versionId":"2","updateTime":"2022-10-05T11:46:20Z","buildId":"e51b3993-9de8-41ae-9814-8a543d441563","buildName":"projects/776300738099/locations/us-central1/builds/e51b3993-9de8-41ae-9814-8a543d441563"}}
[debug] [2022-10-05T11:47:08.583Z] [update-default-us-central1-expressApi] Retrying task index 0
[debug] [2022-10-05T11:47:08.584Z] >>> [apiv2][query] GET https://cloudfunctions.googleapis.com/v1/operations/bGFuZ3VjYXJkc2FwcC91cy1jZW50cmFsMS9leHByZXNzQXBpL2FYTV8xUExjNFRn [none]
[debug] [2022-10-05T11:47:08.935Z] <<< [apiv2][status] GET https://cloudfunctions.googleapis.com/v1/operations/bGFuZ3VjYXJkc2FwcC91cy1jZW50cmFsMS9leHByZXNzQXBpL2FYTV8xUExjNFRn 200
[debug] [2022-10-05T11:47:08.935Z] <<< [apiv2][body] GET https://cloudfunctions.googleapis.com/v1/operations/bGFuZ3VjYXJkc2FwcC91cy1jZW50cmFsMS9leHByZXNzQXBpL2FYTV8xUExjNFRn {"name":"operations/bGFuZ3VjYXJkc2FwcC91cy1jZW50cmFsMS9leHByZXNzQXBpL2FYTV8xUExjNFRn","metadata":{"@type":"type.googleapis.com/google.cloud.functions.v1.OperationMetadataV1","target":"projects/langucardsapp/locations/us-central1/functions/expressApi","type":"UPDATE_FUNCTION","request":{"@type":"type.googleapis.com/google.cloud.functions.v1.CloudFunction","name":"projects/langucardsapp/locations/us-central1/functions/expressApi","httpsTrigger":{"url":"https://us-central1-langucardsapp.cloudfunctions.net/expressApi","securityLevel":"SECURE_ALWAYS"},"status":"OFFLINE","entryPoint":"expressApi","timeout":"60s","availableMemoryMb":256,"serviceAccountEmail":"langucardsapp@appspot.gserviceaccount.com","updateTime":"2022-10-05T11:21:30.731Z","versionId":"1","labels":{"deployment-tool":"cli-firebase","firebase-functions-hash":"201ecc00d33d8cbd6765846764f6d7a261b853fb"},"sourceUploadUrl":"https://storage.googleapis.com/uploads-469114469007.us-central1.cloudfunctions.appspot.com/65626e85-9557-4f6a-b6c7-c70f9185acf0.zip?GoogleAccessId=service-776300738099@gcf-admin-robot.iam.gserviceaccount.com&Expires=1664972178&Signature=eUVY18Q7a6Pj815CueJn6F2NPOzj38mrOWdwHcJENhY1086NBVhyVvxhVK%2BuRsHORN59LSDazHiJnseQaRwR1NfWZu6YBrMCwHipNVStgI7k9yGcEVRfzYyNsZeHNwASFI%2FbO0KuHCcSRceAWsi1YtQtdxWhlt1pqrS2t2vsfgpxALYJv%2B2Mv0FoTRp3AutQRWuRqmvVmOJyS7zQ1mMQ%2BO%2ByAXt0ka6PBD8mpnAPyR7O%2F0V6muUGPILDaQ1JaDzk2ICXypvtJRayaUgq%2FH%2FuZXEJUll5aA%2FMKLQjx8P9a6NvDjvVLhN1C6UKHxVeNw4dGxoDyLyjqBQdb5bdCQio0w%3D%3D","environmentVariables":{"MONGO_PWD":"HfVknzsvX23fk6aI","JWT_TOKEN_SECRET":"s5Km9$j.{30bV_3;qwE","FIREBASE_CONFIG":"{\"projectId\":\"langucardsapp\",\"storageBucket\":\"langucardsapp.appspot.com\"}","GCLOUD_PROJECT":"langucardsapp"},"runtime":"nodejs16","ingressSettings":"ALLOW_ALL","buildId":"03e65021-b9fe-443d-9b3f-08fdc160cc7e","buildName":"projects/776300738099/locations/us-central1/builds/03e65021-b9fe-443d-9b3f-08fdc160cc7e","dockerRegistry":"ARTIFACT_REGISTRY"},"versionId":"2","updateTime":"2022-10-05T11:46:20Z","buildId":"e51b3993-9de8-41ae-9814-8a543d441563","buildName":"projects/776300738099/locations/us-central1/builds/e51b3993-9de8-41ae-9814-8a543d441563"}}
[debug] [2022-10-05T11:47:18.942Z] [update-default-us-central1-expressApi] Retrying task index 0
[debug] [2022-10-05T11:47:18.942Z] >>> [apiv2][query] GET https://cloudfunctions.googleapis.com/v1/operations/bGFuZ3VjYXJkc2FwcC91cy1jZW50cmFsMS9leHByZXNzQXBpL2FYTV8xUExjNFRn [none]
[debug] [2022-10-05T11:47:19.286Z] <<< [apiv2][status] GET https://cloudfunctions.googleapis.com/v1/operations/bGFuZ3VjYXJkc2FwcC91cy1jZW50cmFsMS9leHByZXNzQXBpL2FYTV8xUExjNFRn 200
[debug] [2022-10-05T11:47:19.286Z] <<< [apiv2][body] GET https://cloudfunctions.googleapis.com/v1/operations/bGFuZ3VjYXJkc2FwcC91cy1jZW50cmFsMS9leHByZXNzQXBpL2FYTV8xUExjNFRn {"name":"operations/bGFuZ3VjYXJkc2FwcC91cy1jZW50cmFsMS9leHByZXNzQXBpL2FYTV8xUExjNFRn","metadata":{"@type":"type.googleapis.com/google.cloud.functions.v1.OperationMetadataV1","target":"projects/langucardsapp/locations/us-central1/functions/expressApi","type":"UPDATE_FUNCTION","request":{"@type":"type.googleapis.com/google.cloud.functions.v1.CloudFunction","name":"projects/langucardsapp/locations/us-central1/functions/expressApi","httpsTrigger":{"url":"https://us-central1-langucardsapp.cloudfunctions.net/expressApi","securityLevel":"SECURE_ALWAYS"},"status":"OFFLINE","entryPoint":"expressApi","timeout":"60s","availableMemoryMb":256,"serviceAccountEmail":"langucardsapp@appspot.gserviceaccount.com","updateTime":"2022-10-05T11:21:30.731Z","versionId":"1","labels":{"deployment-tool":"cli-firebase","firebase-functions-hash":"201ecc00d33d8cbd6765846764f6d7a261b853fb"},"sourceUploadUrl":"https://storage.googleapis.com/uploads-469114469007.us-central1.cloudfunctions.appspot.com/65626e85-9557-4f6a-b6c7-c70f9185acf0.zip?GoogleAccessId=service-776300738099@gcf-admin-robot.iam.gserviceaccount.com&Expires=1664972178&Signature=eUVY18Q7a6Pj815CueJn6F2NPOzj38mrOWdwHcJENhY1086NBVhyVvxhVK%2BuRsHORN59LSDazHiJnseQaRwR1NfWZu6YBrMCwHipNVStgI7k9yGcEVRfzYyNsZeHNwASFI%2FbO0KuHCcSRceAWsi1YtQtdxWhlt1pqrS2t2vsfgpxALYJv%2B2Mv0FoTRp3AutQRWuRqmvVmOJyS7zQ1mMQ%2BO%2ByAXt0ka6PBD8mpnAPyR7O%2F0V6muUGPILDaQ1JaDzk2ICXypvtJRayaUgq%2FH%2FuZXEJUll5aA%2FMKLQjx8P9a6NvDjvVLhN1C6UKHxVeNw4dGxoDyLyjqBQdb5bdCQio0w%3D%3D","environmentVariables":{"MONGO_PWD":"HfVknzsvX23fk6aI","JWT_TOKEN_SECRET":"s5Km9$j.{30bV_3;qwE","FIREBASE_CONFIG":"{\"projectId\":\"langucardsapp\",\"storageBucket\":\"langucardsapp.appspot.com\"}","GCLOUD_PROJECT":"langucardsapp"},"runtime":"nodejs16","ingressSettings":"ALLOW_ALL","buildId":"03e65021-b9fe-443d-9b3f-08fdc160cc7e","buildName":"projects/776300738099/locations/us-central1/builds/03e65021-b9fe-443d-9b3f-08fdc160cc7e","dockerRegistry":"ARTIFACT_REGISTRY"},"versionId":"2","updateTime":"2022-10-05T11:47:16Z","buildId":"e51b3993-9de8-41ae-9814-8a543d441563","sourceToken":"f00a5c24-4152-4d9f-b6ed-657eda0e5905","buildName":"projects/776300738099/locations/us-central1/builds/e51b3993-9de8-41ae-9814-8a543d441563"},"done":true,"error":{"code":3,"message":"Function failed on loading user code. This is likely due to a bug in the user code. Error message: Error: please examine your function logs to see the error cause: https://cloud.google.com/functions/docs/monitoring/logging#viewing_logs. Additional troubleshooting documentation can be found at https://cloud.google.com/functions/docs/troubleshooting#logging. Please visit https://cloud.google.com/functions/docs/troubleshooting for in-depth troubleshooting documentation."}}
[debug] [2022-10-05T11:47:19.286Z] Got source token f00a5c24-4152-4d9f-b6ed-657eda0e5905 for region us-central1
[error] Function failed on loading user code. This is likely due to a bug in the user code. Error message: Error: please examine your function logs to see the error cause: https://cloud.google.com/functions/docs/monitoring/logging#viewing_logs. Additional troubleshooting documentation can be found at https://cloud.google.com/functions/docs/troubleshooting#logging. Please visit https://cloud.google.com/functions/docs/troubleshooting for in-depth troubleshooting documentation.
[debug] [2022-10-05T11:47:19.294Z] Total Function Deployment time: 59950
[debug] [2022-10-05T11:47:19.294Z] 1 Functions Deployed
[debug] [2022-10-05T11:47:19.294Z] 1 Functions Errored
[debug] [2022-10-05T11:47:19.294Z] 0 Function Deployments Aborted
[debug] [2022-10-05T11:47:19.294Z] Average Function Deployment time: 59949
[info] 
[info] Functions deploy had errors with the following functions:
	expressApi(us-central1)
[debug] [2022-10-05T11:47:19.477Z] Not printing URL for HTTPS function. Typically this means it didn't match a filter or we failed deployment
[info] i  functions: cleaning up build files... 
[debug] [2022-10-05T11:47:19.479Z] >>> [apiv2][query] DELETE https://artifactregistry.googleapis.com/v1beta2/projects/langucardsapp/locations/us-central1/repositories/gcf-artifacts/packages/express_api [none]
[debug] [2022-10-05T11:47:19.480Z] >>> [apiv2][query] GET https://us.gcr.io/v2/langucardsapp/gcf/us-central1/tags/list [none]
[debug] [2022-10-05T11:47:19.932Z] <<< [apiv2][status] GET https://us.gcr.io/v2/langucardsapp/gcf/us-central1/tags/list 200
[debug] [2022-10-05T11:47:19.933Z] <<< [apiv2][body] GET https://us.gcr.io/v2/langucardsapp/gcf/us-central1/tags/list {"child":[],"manifest":{},"name":"langucardsapp/gcf/us-central1","tags":[]}
[debug] [2022-10-05T11:47:19.933Z] Could not find image for function projects/langucardsapp/locations/us-central1/functions/expressApi
[debug] [2022-10-05T11:47:21.455Z] <<< [apiv2][status] DELETE https://artifactregistry.googleapis.com/v1beta2/projects/langucardsapp/locations/us-central1/repositories/gcf-artifacts/packages/express_api 200
[debug] [2022-10-05T11:47:21.455Z] <<< [apiv2][body] DELETE https://artifactregistry.googleapis.com/v1beta2/projects/langucardsapp/locations/us-central1/repositories/gcf-artifacts/packages/express_api {"name":"projects/langucardsapp/locations/us-central1/operations/9e565843-48d4-4041-a1e3-48606b00e81f","metadata":{"@type":"type.googleapis.com/google.devtools.artifactregistry.v1beta2.OperationMetadata"}}
[debug] [2022-10-05T11:47:21.456Z] >>> [apiv2][query] GET https://artifactregistry.googleapis.com/v1beta2/projects/langucardsapp/locations/us-central1/operations/9e565843-48d4-4041-a1e3-48606b00e81f [none]
[debug] [2022-10-05T11:47:22.278Z] <<< [apiv2][status] GET https://artifactregistry.googleapis.com/v1beta2/projects/langucardsapp/locations/us-central1/operations/9e565843-48d4-4041-a1e3-48606b00e81f 200
[debug] [2022-10-05T11:47:22.278Z] <<< [apiv2][body] GET https://artifactregistry.googleapis.com/v1beta2/projects/langucardsapp/locations/us-central1/operations/9e565843-48d4-4041-a1e3-48606b00e81f {"name":"projects/langucardsapp/locations/us-central1/operations/9e565843-48d4-4041-a1e3-48606b00e81f","metadata":{"@type":"type.googleapis.com/google.devtools.artifactregistry.v1beta2.OperationMetadata"},"done":true,"response":{"@type":"type.googleapis.com/google.devtools.artifactregistry.v1beta2.Package","name":"projects/langucardsapp/locations/us-central1/repositories/gcf-artifacts/packages/express_api"}}
[debug] [2022-10-05T11:47:22.279Z] Functions deploy failed.
[debug] [2022-10-05T11:47:22.279Z] {
  "endpoint": {
    "id": "expressApi",
    "project": "langucardsapp",
    "region": "us-central1",
    "entryPoint": "expressApi",
    "platform": "gcfv1",
    "runtime": "nodejs16",
    "httpsTrigger": {},
    "environmentVariables": {
      "MONGO_PWD": "HfVknzsvX23fk6aI",
      "JWT_TOKEN_SECRET": "s5Km9$j.{30bV_3;qwE",
      "FIREBASE_CONFIG": "{\"projectId\":\"langucardsapp\",\"storageBucket\":\"langucardsapp.appspot.com\"}",
      "GCLOUD_PROJECT": "langucardsapp"
    },
    "codebase": "default",
    "availableMemoryMb": 256,
    "securityLevel": "SECURE_ALWAYS",
    "targetedByOnly": false,
    "hash": "201ecc00d33d8cbd6765846764f6d7a261b853fb",
    "labels": {
      "deployment-tool": "cli-firebase"
    }
  },
  "op": "update",
  "original": {
    "name": "FirebaseError",
    "children": [],
    "exit": 1,
    "message": "Function failed on loading user code. This is likely due to a bug in the user code. Error message: Error: please examine your function logs to see the error cause: https://cloud.google.com/functions/docs/monitoring/logging#viewing_logs. Additional troubleshooting documentation can be found at https://cloud.google.com/functions/docs/troubleshooting#logging. Please visit https://cloud.google.com/functions/docs/troubleshooting for in-depth troubleshooting documentation.",
    "status": 3
  }
}
[debug] [2022-10-05T11:47:22.511Z] Error: Failed to update function expressApi in region us-central1
    at C:\Users\Noam\AppData\Roaming\npm\node_modules\firebase-tools\lib\deploy\functions\release\fabricator.js:41:11
    at processTicksAndRejections (node:internal/process/task_queues:96:5)
    at async Fabricator.updateV1Function (C:\Users\Noam\AppData\Roaming\npm\node_modules\firebase-tools\lib\deploy\functions\release\fabricator.js:305:32)
    at async Fabricator.updateEndpoint (C:\Users\Noam\AppData\Roaming\npm\node_modules\firebase-tools\lib\deploy\functions\release\fabricator.js:140:13)
    at async handle (C:\Users\Noam\AppData\Roaming\npm\node_modules\firebase-tools\lib\deploy\functions\release\fabricator.js:78:17)
[error] 
[error] Error: There was an error deploying functions
